Arguments: 
  /Users/javiermartinez/.nvm/versions/node/v12.6.0/bin/node /Users/javiermartinez/.yarn/bin/yarn.js test

PATH: 
  /Users/javiermartinez/.yarn/bin:/Users/javiermartinez/.config/yarn/global/node_modules/.bin:/Users/javiermartinez/.nvm/versions/node/v12.6.0/bin:/usr/local/sbin:node_modules/.bin:vendor/bin:/Applications/Visual Studio Code.app/Contents/Resources/app/bin:/Users/javiermartinez/.node/bin:/Users/javiermartinez/.composer/vendor/bin:/usr/local/bin:/usr/bin:/bin:/usr/sbin:/sbin:/Library/Apple/usr/bin:/Users/javiermartinez/.yarn/bin:/Users/javiermartinez/.config/yarn/global/node_modules/.bin:/Users/javiermartinez/.nvm/versions/node/v12.6.0/bin:/usr/local/sbin:node_modules/.bin:vendor/bin:/Applications/Visual Studio Code.app/Contents/Resources/app/bin:/Users/javiermartinez/.node/bin:/Users/javiermartinez/.composer/vendor/bin

Yarn version: 
  1.22.5

Node version: 
  12.6.0

Platform: 
  darwin x64

Trace: 
  SyntaxError: /Users/javiermartinez/Sites/monorepo-demo/package.json: Unexpected token } in JSON at position 79
      at JSON.parse (<anonymous>)
      at /Users/javiermartinez/.yarn/lib/cli.js:1625:59
      at Generator.next (<anonymous>)
      at step (/Users/javiermartinez/.yarn/lib/cli.js:310:30)
      at /Users/javiermartinez/.yarn/lib/cli.js:321:13

npm manifest: 
  {
    "name": "workspace-a",
    "version": "1.0.0",
  
    "dependencies": {
      "cross-env": "5.0.5"
    },
    "scripts": {
      "test": "run test.js"
    }
  }

yarn manifest: 
  No manifest

Lockfile: 
  No lockfile
